<?xml version="1.0" encoding="UTF-8"?>
<testsuite name="org.example.ReflectionTest" tests="3" skipped="0" failures="0" errors="0" timestamp="2023-06-15T13:38:56" hostname="DESKTOP-TQ5EV63" time="0.159">
  <properties/>
  <testcase name="showClass()" classname="org.example.ReflectionTest" time="0.029"/>
  <testcase name="load()" classname="org.example.ReflectionTest" time="0.064"/>
  <testcase name="controllerScan()" classname="org.example.ReflectionTest" time="0.064"/>
  <system-out><![CDATA[22:38:56.793 [Test worker] DEBUG org.example.ReflectionTest - org.example.model.User
22:38:56.797 [Test worker] DEBUG org.example.ReflectionTest - User all declared fields: [[private java.lang.String org.example.model.User.userId, private java.lang.String org.example.model.User.name]]
22:38:56.798 [Test worker] DEBUG org.example.ReflectionTest - User all declared constructors: [[public org.example.model.User(java.lang.String,java.lang.String)]]
22:38:56.799 [Test worker] DEBUG org.example.ReflectionTest - User all declared methods: [[public boolean org.example.model.User.equals(java.lang.Object), public int org.example.model.User.hashCode(), public boolean org.example.model.User.equalsUser(org.example.model.User)]]
22:38:56.809 [Test worker] DEBUG org.example.ReflectionTest - clazz: [class org.example.model.User]
22:38:56.809 [Test worker] DEBUG org.example.ReflectionTest - clazz2: [class org.example.model.User]
22:38:56.809 [Test worker] DEBUG org.example.ReflectionTest - clazz3: [class org.example.model.User]
22:38:56.883 [Test worker] DEBUG org.reflections.Reflections - going to scan these urls: [file:/D:/SJ/fastcampus/mvc-practice_1/build/classes/java/main/, file:/D:/SJ/fastcampus/mvc-practice_1/build/classes/java/test/]
22:38:56.931 [Test worker] INFO org.reflections.Reflections - Reflections took 47 ms to scan 2 urls, producing 6 keys and 10 values 
22:38:56.933 [Test worker] DEBUG org.reflections.Reflections - expanded subtype java.lang.Comparable -> java.lang.Enum
22:38:56.933 [Test worker] DEBUG org.reflections.Reflections - expanded subtype java.io.Serializable -> java.lang.Enum
22:38:56.936 [Test worker] DEBUG org.example.ReflectionTest - beans: [[class org.example.controller.HealthCheckController, class org.example.controller.HomeCotroller, class org.example.controller.HomeService]]
]]></system-out>
  <system-err><![CDATA[]]></system-err>
</testsuite>
